TN:
SF:/Users/imoverlord/Documents/Tek3/AppDev/epicture/api/imgur.js
FN:20,loginImgur
FN:26,(anonymous_1)
FN:38,generateRequestInit
FN:51,getGalleryTop
FN:53,(anonymous_4)
FN:62,getGalleryHot
FN:64,(anonymous_6)
FN:74,upvoteImage
FN:76,(anonymous_8)
FNF:9
FNH:0
FNDA:0,loginImgur
FNDA:0,(anonymous_1)
FNDA:0,generateRequestInit
FNDA:0,getGalleryTop
FNDA:0,(anonymous_4)
FNDA:0,getGalleryHot
FNDA:0,(anonymous_6)
FNDA:0,upvoteImage
FNDA:0,(anonymous_8)
DA:14,1
DA:21,0
DA:23,0
DA:27,0
DA:28,0
DA:29,0
DA:39,0
DA:52,0
DA:54,0
DA:63,0
DA:65,0
DA:75,0
DA:77,0
LF:13
LH:1
BRDA:38,0,0,0
BRF:1
BRH:0
end_of_record
TN:
SF:/Users/imoverlord/Documents/Tek3/AppDev/epicture/api/__tests__/config.js
FNF:0
FNH:0
DA:1,1
LF:1
LH:1
BRF:0
BRH:0
end_of_record
